<?xml version="1.0" encoding="UTF-8"?>
<!-- Generated by org.testng.reporters.JUnitXMLReporter -->
<testsuite ignored="14" hostname="IB-GQRJ4X5F2J" failures="0" tests="7" name="Surefire test" time="2.799" errors="0" timestamp="2025-04-18T15:01:11 IST">
  <testcase classname="com.infoblox.tests.ResourcesTest" name="testResourcesDropdown" time="0.563"/>
  <testcase classname="com.infoblox.tests.WhyInfobloxTest" name="testWhyInfobloxDropdown" time="0.146"/>
  <testcase classname="com.infoblox.tests.ProductsTest" name="testProductsDropdown" time="0.195"/>
  <testcase classname="com.infoblox.tests.SupportServicesTest" name="testSupportServicesDropdown" time="0.186"/>
  <testcase classname="com.infoblox.tests.SolutionsTest" name="testSolutionsDropdown" time="0.288"/>
  <testcase classname="com.infoblox.tests.CompanyTest" name="testCompanyDropdown" time="0.197"/>
  <testcase classname="com.infoblox.tests.AllMenuTest" name="testAllDropdowns" time="1.212"/>
  <testcase classname="com.infoblox.tests.BaseTest" name="@AfterSuite tearDown" time="0.0">
    <ignored/>
  </testcase> <!-- @AfterSuite tearDown -->
  <testcase classname="com.infoblox.tests.BaseTest" name="@BeforeSuite setup" time="0.0">
    <ignored/>
  </testcase> <!-- @BeforeSuite setup -->
  <testcase classname="com.infoblox.tests.BaseTest" name="@AfterSuite tearDown" time="0.0">
    <ignored/>
  </testcase> <!-- @AfterSuite tearDown -->
  <testcase classname="com.infoblox.tests.BaseTest" name="@AfterSuite tearDown" time="0.0">
    <ignored/>
  </testcase> <!-- @AfterSuite tearDown -->
  <testcase classname="com.infoblox.tests.BaseTest" name="@BeforeSuite setup" time="0.0">
    <ignored/>
  </testcase> <!-- @BeforeSuite setup -->
  <testcase classname="com.infoblox.tests.BaseTest" name="@BeforeSuite setup" time="0.0">
    <ignored/>
  </testcase> <!-- @BeforeSuite setup -->
  <testcase classname="com.infoblox.tests.BaseTest" name="@AfterSuite tearDown" time="0.0">
    <ignored/>
  </testcase> <!-- @AfterSuite tearDown -->
  <testcase classname="com.infoblox.tests.BaseTest" name="@BeforeSuite setup" time="0.0">
    <ignored/>
  </testcase> <!-- @BeforeSuite setup -->
  <testcase classname="com.infoblox.tests.BaseTest" name="@BeforeSuite setup" time="0.0">
    <ignored/>
  </testcase> <!-- @BeforeSuite setup -->
  <testcase classname="com.infoblox.tests.BaseTest" name="@BeforeSuite setup" time="0.0">
    <ignored/>
  </testcase> <!-- @BeforeSuite setup -->
  <testcase classname="com.infoblox.tests.BaseTest" name="@BeforeSuite setup" time="0.0">
    <ignored/>
  </testcase> <!-- @BeforeSuite setup -->
  <testcase classname="com.infoblox.tests.BaseTest" name="@AfterSuite tearDown" time="0.0">
    <ignored/>
  </testcase> <!-- @AfterSuite tearDown -->
  <testcase classname="com.infoblox.tests.BaseTest" name="@AfterSuite tearDown" time="0.0">
    <ignored/>
  </testcase> <!-- @AfterSuite tearDown -->
  <testcase classname="com.infoblox.tests.BaseTest" name="@AfterSuite tearDown" time="0.0">
    <ignored/>
  </testcase> <!-- @AfterSuite tearDown -->
</testsuite> <!-- Surefire test -->
