<?xml version="1.0" encoding="UTF-8"?>
<testng-results ignored="0" total="7" passed="7" failed="0" skipped="0">
  <reporter-output>
  </reporter-output>
  <suite started-at="2025-04-18T15:01:08 IST" name="Surefire suite" finished-at="2025-04-18T15:01:11 IST" duration-ms="2799">
    <groups>
    </groups>
    <test started-at="2025-04-18T15:01:08 IST" name="Surefire test" finished-at="2025-04-18T15:01:11 IST" duration-ms="2799">
      <class name="com.infoblox.tests.CompanyTest">
        <test-method signature="testCompanyDropdown()[pri:0, instance:com.infoblox.tests.CompanyTest@14d3bc22]" started-at="2025-04-18T15:01:09 IST" name="testCompanyDropdown" finished-at="2025-04-18T15:01:10 IST" duration-ms="197" status="PASS">
          <reporter-output>
          </reporter-output>
        </test-method> <!-- testCompanyDropdown -->
      </class> <!-- com.infoblox.tests.CompanyTest -->
      <class name="com.infoblox.tests.SolutionsTest">
        <test-method signature="testSolutionsDropdown()[pri:0, instance:com.infoblox.tests.SolutionsTest@3901d134]" started-at="2025-04-18T15:01:09 IST" name="testSolutionsDropdown" finished-at="2025-04-18T15:01:09 IST" duration-ms="288" status="PASS">
          <reporter-output>
          </reporter-output>
        </test-method> <!-- testSolutionsDropdown -->
      </class> <!-- com.infoblox.tests.SolutionsTest -->
      <class name="com.infoblox.tests.ProductsTest">
        <test-method signature="testProductsDropdown()[pri:0, instance:com.infoblox.tests.ProductsTest@3b07a0d6]" started-at="2025-04-18T15:01:09 IST" name="testProductsDropdown" finished-at="2025-04-18T15:01:09 IST" duration-ms="195" status="PASS">
          <reporter-output>
          </reporter-output>
        </test-method> <!-- testProductsDropdown -->
      </class> <!-- com.infoblox.tests.ProductsTest -->
      <class name="com.infoblox.tests.ResourcesTest">
        <test-method is-config="true" signature="setup()[pri:0, instance:com.infoblox.tests.ResourcesTest@358ee631]" started-at="2025-04-18T15:00:53 IST" name="setup" finished-at="2025-04-18T15:01:08 IST" duration-ms="14516" status="PASS">
          <reporter-output>
          </reporter-output>
        </test-method> <!-- setup -->
        <test-method signature="testResourcesDropdown()[pri:0, instance:com.infoblox.tests.ResourcesTest@358ee631]" started-at="2025-04-18T15:01:08 IST" name="testResourcesDropdown" finished-at="2025-04-18T15:01:09 IST" duration-ms="563" status="PASS">
          <reporter-output>
          </reporter-output>
        </test-method> <!-- testResourcesDropdown -->
        <test-method is-config="true" signature="tearDown()[pri:0, instance:com.infoblox.tests.ResourcesTest@358ee631]" started-at="2025-04-18T15:01:11 IST" name="tearDown" finished-at="2025-04-18T15:01:11 IST" duration-ms="125" status="PASS">
          <reporter-output>
          </reporter-output>
        </test-method> <!-- tearDown -->
      </class> <!-- com.infoblox.tests.ResourcesTest -->
      <class name="com.infoblox.tests.WhyInfobloxTest">
        <test-method signature="testWhyInfobloxDropdown()[pri:0, instance:com.infoblox.tests.WhyInfobloxTest@3d121db3]" started-at="2025-04-18T15:01:09 IST" name="testWhyInfobloxDropdown" finished-at="2025-04-18T15:01:09 IST" duration-ms="146" status="PASS">
          <reporter-output>
          </reporter-output>
        </test-method> <!-- testWhyInfobloxDropdown -->
      </class> <!-- com.infoblox.tests.WhyInfobloxTest -->
      <class name="com.infoblox.tests.AllMenuTest">
        <test-method signature="testAllDropdowns()[pri:0, instance:com.infoblox.tests.AllMenuTest@4c1d9d4b]" started-at="2025-04-18T15:01:10 IST" name="testAllDropdowns" finished-at="2025-04-18T15:01:11 IST" duration-ms="1212" status="PASS">
          <reporter-output>
          </reporter-output>
        </test-method> <!-- testAllDropdowns -->
      </class> <!-- com.infoblox.tests.AllMenuTest -->
      <class name="com.infoblox.tests.SupportServicesTest">
        <test-method signature="testSupportServicesDropdown()[pri:0, instance:com.infoblox.tests.SupportServicesTest@11a9e7c8]" started-at="2025-04-18T15:01:09 IST" name="testSupportServicesDropdown" finished-at="2025-04-18T15:01:09 IST" duration-ms="186" status="PASS">
          <reporter-output>
          </reporter-output>
        </test-method> <!-- testSupportServicesDropdown -->
      </class> <!-- com.infoblox.tests.SupportServicesTest -->
    </test> <!-- Surefire test -->
  </suite> <!-- Surefire suite -->
</testng-results>
